\BOOKMARK [1][-]{section.1}{Introduction}{}% 1
\BOOKMARK [1][-]{section.2}{Theory}{}% 2
\BOOKMARK [2][-]{subsection.2.1}{The physical system}{section.2}% 3
\BOOKMARK [3][-]{subsubsection.2.1.1}{Natural units}{subsection.2.1}% 4
\BOOKMARK [3][-]{subsubsection.2.1.2}{The quantum mechanics and the variational principle}{subsection.2.1}% 5
\BOOKMARK [4][-]{paragraph.2.1.2.1}{The quantum mechanics}{subsubsection.2.1.2}% 6
\BOOKMARK [4][-]{paragraph.2.1.2.2}{The variational principle}{subsubsection.2.1.2}% 7
\BOOKMARK [4][-]{paragraph.2.1.2.3}{Finding the expectation value of }{subsubsection.2.1.2}% 8
\BOOKMARK [4][-]{paragraph.2.1.2.4}{Verifying that we have found an eigenstate}{subsubsection.2.1.2}% 9
\BOOKMARK [3][-]{subsubsection.2.1.3}{The test function T}{subsection.2.1}% 10
\BOOKMARK [4][-]{paragraph.2.1.3.1}{The modified Slater determinant DetM\(0, ... , N-1\)}{subsubsection.2.1.3}% 11
\BOOKMARK [4][-]{paragraph.2.1.3.2}{The Jastrow factor J \(0, ... , N-1 \)}{subsubsection.2.1.3}% 12
\BOOKMARK [4][-]{paragraph.2.1.3.3}{Motivation}{subsubsection.2.1.3}% 13
\BOOKMARK [4][-]{paragraph.2.1.3.4}{Closed form expression of the local energy}{subsubsection.2.1.3}% 14
\BOOKMARK [3][-]{subsubsection.2.1.4}{The virial theorem}{subsection.2.1}% 15
\BOOKMARK [2][-]{subsection.2.2}{The numerical foundation}{section.2}% 16
\BOOKMARK [3][-]{subsubsection.2.2.1}{Monte Carlo simulations}{subsection.2.2}% 17
\BOOKMARK [3][-]{subsubsection.2.2.2}{The Metropolis algorithm}{subsection.2.2}% 18
\BOOKMARK [4][-]{paragraph.2.2.2.1}{Brute force Metropolis}{subsubsection.2.2.2}% 19
\BOOKMARK [4][-]{paragraph.2.2.2.2}{Importance sampling}{subsubsection.2.2.2}% 20
\BOOKMARK [4][-]{paragraph.2.2.2.3}{Application of the variational Monte Carlo method}{subsubsection.2.2.2}% 21
\BOOKMARK [3][-]{subsubsection.2.2.3}{Parallelization}{subsection.2.2}% 22
\BOOKMARK [1][-]{section.3}{Experimental}{}% 23
\BOOKMARK [2][-]{subsection.3.1}{Benchmarks and verification}{section.3}% 24
\BOOKMARK [3][-]{subsubsection.3.1.1}{Benchmarks for the brute force approach, no repulsion or Jastrow factor}{subsection.3.1}% 25
\BOOKMARK [3][-]{subsubsection.3.1.2}{Benchmark for the brute force approach, with repulsion and Jastrow factor}{subsection.3.1}% 26
\BOOKMARK [3][-]{subsubsection.3.1.3}{Comparison of different methods}{subsection.3.1}% 27
\BOOKMARK [2][-]{subsection.3.2}{Optimization and differences}{section.3}% 28
\BOOKMARK [3][-]{subsubsection.3.2.1}{Test cases}{subsection.3.2}% 29
\BOOKMARK [3][-]{subsubsection.3.2.2}{Jastrow factor}{subsection.3.2}% 30
\BOOKMARK [3][-]{subsubsection.3.2.3}{Importance sampling}{subsection.3.2}% 31
\BOOKMARK [3][-]{subsubsection.3.2.4}{Timely differences between methods}{subsection.3.2}% 32
\BOOKMARK [2][-]{subsection.3.3}{Applications}{section.3}% 33
\BOOKMARK [3][-]{subsubsection.3.3.1}{Properties of the approximated wave functions}{subsection.3.3}% 34
\BOOKMARK [3][-]{subsubsection.3.3.2}{The virial theorem }{subsection.3.3}% 35
\BOOKMARK [1][-]{section.4}{Results and discussion}{}% 36
\BOOKMARK [2][-]{subsection.4.1}{Benchmarks and verification}{section.4}% 37
\BOOKMARK [3][-]{subsubsection.4.1.1}{Benchmarks for the brute force approach, no repulsion or Jastrow factor}{subsection.4.1}% 38
\BOOKMARK [3][-]{subsubsection.4.1.2}{Benchmark for the brute force approach, with repulsion and Jastrow factor}{subsection.4.1}% 39
\BOOKMARK [3][-]{subsubsection.4.1.3}{Comparison of different methods}{subsection.4.1}% 40
\BOOKMARK [2][-]{subsection.4.2}{Optimization and differences}{section.4}% 41
\BOOKMARK [3][-]{subsubsection.4.2.1}{Test cases}{subsection.4.2}% 42
\BOOKMARK [3][-]{subsubsection.4.2.2}{Jastrow factor}{subsection.4.2}% 43
\BOOKMARK [3][-]{subsubsection.4.2.3}{Importance sampling}{subsection.4.2}% 44
\BOOKMARK [3][-]{subsubsection.4.2.4}{Timely differences between methods}{subsection.4.2}% 45
\BOOKMARK [3][-]{subsubsection.4.2.5}{Discussion: code efficiency and time constraints}{subsection.4.2}% 46
\BOOKMARK [2][-]{subsection.4.3}{Applications}{section.4}% 47
\BOOKMARK [3][-]{subsubsection.4.3.1}{Properties of the approximated wave functions}{subsection.4.3}% 48
\BOOKMARK [3][-]{subsubsection.4.3.2}{The virial theorem }{subsection.4.3}% 49
\BOOKMARK [1][-]{section.5}{Conclusion}{}% 50
\BOOKMARK [1][-]{Appendix.1.A}{Appendix Reference to the questions posed in the project instructions}{}% 51
\BOOKMARK [1][-]{Appendix.1.B}{Appendix Code}{}% 52
